<?xml version="1.0" encoding="UTF-8"?>
<!-- Generated by org.testng.reporters.JUnitReportReporter -->
<testsuite hostname="CA-SWETABHOKARE" failures="0" tests="1" name="com.selenium.test.TestDemo" time="0.005" errors="0" timestamp="2023-09-14T11:00:03 IST" skipped="0">
  <testcase classname="com.selenium.test.TestDemo" name="login" time="0.005"/>
  <system-out/>
</testsuite> <!-- com.selenium.test.TestDemo -->
